{"/Users/shilpiverma/Desktop/MyReactLearning/src/components/Contact.js": {"path":"/Users/shilpiverma/Desktop/MyReactLearning/src/components/Contact.js","statementMap":{"0":{"start":{"line":4,"column":16},"end":{"line":26,"column":1}},"1":{"start":{"line":5,"column":15},"end":{"line":5,"column":38}},"2":{"start":{"line":6,"column":2},"end":{"line":25,"column":4}}},"fnMap":{"0":{"name":"(anonymous_0)","decl":{"start":{"line":4,"column":16},"end":{"line":4,"column":17}},"loc":{"start":{"line":4,"column":22},"end":{"line":26,"column":1}},"line":4}},"branchMap":{},"s":{"0":1,"1":5,"2":5},"f":{"0":5},"b":{},"_coverageSchema":"1a1c01bbd47fc00a2c39e90264f33305004495a9","hash":"ef69670378ce453592780cba0d8fb381809e1e4b"}
,"/Users/shilpiverma/Desktop/MyReactLearning/src/utils/UserContext.js": {"path":"/Users/shilpiverma/Desktop/MyReactLearning/src/utils/UserContext.js","statementMap":{"0":{"start":{"line":3,"column":27},"end":{"line":3,"column":74}}},"fnMap":{},"branchMap":{},"s":{"0":1},"f":{},"b":{},"_coverageSchema":"1a1c01bbd47fc00a2c39e90264f33305004495a9","hash":"6230f8db3b0ccd456c5dff656de1bf0487c0efc9"}
}
